2023-09-21 15:27:51:174 [Appium] Welcome to Appium v2.1.3
2023-09-21 15:27:51:175 [Appium] Non-default server args:
2023-09-21 15:27:51:176 [Appium] { address: '127.0.0.1', loglevel: 'info' }
2023-09-21 15:27:51:177 [Appium] Attempting to load driver uiautomator2...
2023-09-21 15:27:51:269 [Appium] Attempting to load driver xcuitest...
2023-09-21 15:27:51:418 [Appium] Appium REST http interface listener started on http://127.0.0.1:4723
2023-09-21 15:27:51:418 [Appium] Available drivers:
2023-09-21 15:27:51:418 [Appium]   - uiautomator2@2.29.7 (automationName 'UiAutomator2')
2023-09-21 15:27:51:418 [Appium]   - xcuitest@5.2.1 (automationName 'XCUITest')
2023-09-21 15:27:51:418 [Appium] Available plugins:
2023-09-21 15:27:51:419 [Appium]   - execute-driver@3.0.17
2023-09-21 15:27:51:419 [Appium] No plugins activated. Use the --use-plugins flag with names of plugins to activate
2023-09-21 15:28:01:523 [Appium] Received SIGTERM - shutting down
2023-09-21 15:28:01:528 uncaughtException: write EPIPE
Error: write EPIPE
    at afterWriteDispatched (node:internal/stream_base_commons:160:15)
    at writeGeneric (node:internal/stream_base_commons:151:3)
    at Socket._writeGeneric (node:net:952:11)
    at Socket._write (node:net:964:8)
    at writeOrBuffer (node:internal/streams/writable:399:12)
    at _write (node:internal/streams/writable:340:10)
    at Socket.Writable.write (node:internal/streams/writable:344:10)
    at Console.log (/Users/smhrash/node_modules/winston/lib/winston/transports/console.js:79:23)
    at Console._write (/Users/smhrash/node_modules/winston-transport/index.js:103:17)
    at doWrite (/Users/smhrash/node_modules/readable-stream/lib/_stream_writable.js:390:139)
    at writeOrBuffer (/Users/smhrash/node_modules/readable-stream/lib/_stream_writable.js:381:5)
    at Console.Writable.write (/Users/smhrash/node_modules/readable-stream/lib/_stream_writable.js:302:11)
    at DerivedLogger.ondata (/Users/smhrash/node_modules/readable-stream/lib/_stream_readable.js:629:20)
    at DerivedLogger.emit (node:events:526:35)
    at addChunk (/Users/smhrash/node_modules/readable-stream/lib/_stream_readable.js:279:12)
    at readableAddChunk (/Users/smhrash/node_modules/readable-stream/lib/_stream_readable.js:262:11)
2023-09-21 15:28:01:529 uncaughtException: write EPIPE
Error: write EPIPE
    at afterWriteDispatched (node:internal/stream_base_commons:160:15)
    at writeGeneric (node:internal/stream_base_commons:151:3)
    at Socket._writeGeneric (node:net:952:11)
    at Socket._write (node:net:964:8)
    at writeOrBuffer (node:internal/streams/writable:399:12)
    at _write (node:internal/streams/writable:340:10)
    at Socket.Writable.write (node:internal/streams/writable:344:10)
    at Console.log (/Users/smhrash/node_modules/winston/lib/winston/transports/console.js:51:25)
    at Console._write (/Users/smhrash/node_modules/winston-transport/index.js:103:17)
    at doWrite (/Users/smhrash/node_modules/readable-stream/lib/_stream_writable.js:390:139)
    at writeOrBuffer (/Users/smhrash/node_modules/readable-stream/lib/_stream_writable.js:381:5)
    at Console.Writable.write (/Users/smhrash/node_modules/readable-stream/lib/_stream_writable.js:302:11)
    at DerivedLogger.ondata (/Users/smhrash/node_modules/readable-stream/lib/_stream_readable.js:629:20)
    at DerivedLogger.emit (node:events:526:35)
    at addChunk (/Users/smhrash/node_modules/readable-stream/lib/_stream_readable.js:279:12)
    at readableAddChunk (/Users/smhrash/node_modules/readable-stream/lib/_stream_readable.js:262:11)
2023-09-21 15:28:01:531 uncaughtException: write EPIPE
Error: write EPIPE
    at afterWriteDispatched (node:internal/stream_base_commons:160:15)
    at writeGeneric (node:internal/stream_base_commons:151:3)
    at Socket._writeGeneric (node:net:952:11)
    at Socket._write (node:net:964:8)
    at writeOrBuffer (node:internal/streams/writable:399:12)
    at _write (node:internal/streams/writable:340:10)
    at Socket.Writable.write (node:internal/streams/writable:344:10)
    at Console.log (/Users/smhrash/node_modules/winston/lib/winston/transports/console.js:51:25)
    at Console._write (/Users/smhrash/node_modules/winston-transport/index.js:103:17)
    at doWrite (/Users/smhrash/node_modules/readable-stream/lib/_stream_writable.js:390:139)
    at writeOrBuffer (/Users/smhrash/node_modules/readable-stream/lib/_stream_writable.js:381:5)
    at Console.Writable.write (/Users/smhrash/node_modules/readable-stream/lib/_stream_writable.js:302:11)
    at DerivedLogger.ondata (/Users/smhrash/node_modules/readable-stream/lib/_stream_readable.js:629:20)
    at DerivedLogger.emit (node:events:526:35)
    at addChunk (/Users/smhrash/node_modules/readable-stream/lib/_stream_readable.js:279:12)
    at readableAddChunk (/Users/smhrash/node_modules/readable-stream/lib/_stream_readable.js:262:11)
2023-09-21 15:28:01:533 uncaughtException: write EPIPE
Error: write EPIPE
    at afterWriteDispatched (node:internal/stream_base_commons:160:15)
    at writeGeneric (node:internal/stream_base_commons:151:3)
    at Socket._writeGeneric (node:net:952:11)
    at Socket._write (node:net:964:8)
    at writeOrBuffer (node:internal/streams/writable:399:12)
    at _write (node:internal/streams/writable:340:10)
    at Socket.Writable.write (node:internal/streams/writable:344:10)
    at Console.log (/Users/smhrash/node_modules/winston/lib/winston/transports/console.js:51:25)
    at Console._write (/Users/smhrash/node_modules/winston-transport/index.js:103:17)
    at doWrite (/Users/smhrash/node_modules/readable-stream/lib/_stream_writable.js:390:139)
    at writeOrBuffer (/Users/smhrash/node_modules/readable-stream/lib/_stream_writable.js:381:5)
    at Console.Writable.write (/Users/smhrash/node_modules/readable-stream/lib/_stream_writable.js:302:11)
    at DerivedLogger.ondata (/Users/smhrash/node_modules/readable-stream/lib/_stream_readable.js:629:20)
    at DerivedLogger.emit (node:events:526:35)
    at addChunk (/Users/smhrash/node_modules/readable-stream/lib/_stream_readable.js:279:12)
    at readableAddChunk (/Users/smhrash/node_modules/readable-stream/lib/_stream_readable.js:262:11)
